<?xml version="1.0" encoding="UTF-8"?>
<!-- Generated by org.testng.reporters.JUnitXMLReporter -->
<testsuite ignored="2" hostname="IN2-1018546LT1" failures="1" tests="2" name="FacebookFriends" time="55.078" errors="0" timestamp="18 Nov 2018 04:36:05 GMT">
  <testcase classname="academy.FaceBookPrintFriends" name="login" time="14.229"/>
  <testcase classname="academy.FaceBookPrintFriends" name="printFriendsList" time="18.861">
    <failure type="org.openqa.selenium.WebDriverException" message="unknown error: Element &amp;lt;a accesskey=&amp;quot;2&amp;quot; data-gt=&amp;quot;{&amp;amp;quot;chrome_nav_item&amp;amp;quot;:&amp;amp;quot;timeline_chrome&amp;amp;quot;}&amp;quot; class=&amp;quot;_2s25 _606w&amp;quot; href=&amp;quot;https://www.facebook.com/kindinti.anumanthu.9&amp;quot; title=&amp;quot;Profile&amp;quot;&amp;gt;...&amp;lt;/a&amp;gt; is not clickable at point (805, 21). Other element would receive the click: &amp;lt;div class=&amp;quot;_3ixn&amp;quot;&amp;gt;&amp;lt;/div&amp;gt;
  (Session info: chrome=70.0.3538.77)
  (Driver info: chromedriver=2.38.552522 (437e6fbedfa8762dec75e2c5b3ddb86763dc9dcb),platform=Windows NT 10.0.15063 x86_64) (WARNING: The server did not provide any stacktrace information)
Command duration or timeout: 45 milliseconds
Build info: version: &amp;apos;3.4.0&amp;apos;, revision: &amp;apos;unknown&amp;apos;, time: &amp;apos;unknown&amp;apos;
System info: host: &amp;apos;IN2-1018546LT1&amp;apos;, ip: &amp;apos;192.168.1.3&amp;apos;, os.name: &amp;apos;Windows 10&amp;apos;, os.arch: &amp;apos;amd64&amp;apos;, os.version: &amp;apos;10.0&amp;apos;, java.version: &amp;apos;9.0.4&amp;apos;
Driver info: org.openqa.selenium.chrome.ChromeDriver
Capabilities [{applicationCacheEnabled=false, rotatable=false, mobileEmulationEnabled=false, networkConnectionEnabled=false, chrome={chromedriverVersion=2.38.552522 (437e6fbedfa8762dec75e2c5b3ddb86763dc9dcb), userDataDir=C:\Users\1018546\AppData\Local\Temp\scoped_dir16064_2235}, takesHeapSnapshot=true, pageLoadStrategy=normal, databaseEnabled=false, handlesAlerts=true, hasTouchScreen=false, version=70.0.3538.77, platform=XP, browserConnectionEnabled=false, nativeEvents=true, acceptSslCerts=false, acceptInsecureCerts=false, locationContextEnabled=true, webStorageEnabled=true, browserName=chrome, takesScreenshot=true, javascriptEnabled=true, cssSelectorsEnabled=true, setWindowRect=true, unexpectedAlertBehaviour=}]
Session ID: ed191dad0f95fdab13c18aae99787064">
      <![CDATA[org.openqa.selenium.WebDriverException: unknown error: Element <a accesskey="2" data-gt="{&quot;chrome_nav_item&quot;:&quot;timeline_chrome&quot;}" class="_2s25 _606w" href="https://www.facebook.com/kindinti.anumanthu.9" title="Profile">...</a> is not clickable at point (805, 21). Other element would receive the click: <div class="_3ixn"></div>
  (Session info: chrome=70.0.3538.77)
  (Driver info: chromedriver=2.38.552522 (437e6fbedfa8762dec75e2c5b3ddb86763dc9dcb),platform=Windows NT 10.0.15063 x86_64) (WARNING: The server did not provide any stacktrace information)
Command duration or timeout: 45 milliseconds
Build info: version: '3.4.0', revision: 'unknown', time: 'unknown'
System info: host: 'IN2-1018546LT1', ip: '192.168.1.3', os.name: 'Windows 10', os.arch: 'amd64', os.version: '10.0', java.version: '9.0.4'
Driver info: org.openqa.selenium.chrome.ChromeDriver
Capabilities [{applicationCacheEnabled=false, rotatable=false, mobileEmulationEnabled=false, networkConnectionEnabled=false, chrome={chromedriverVersion=2.38.552522 (437e6fbedfa8762dec75e2c5b3ddb86763dc9dcb), userDataDir=C:\Users\1018546\AppData\Local\Temp\scoped_dir16064_2235}, takesHeapSnapshot=true, pageLoadStrategy=normal, databaseEnabled=false, handlesAlerts=true, hasTouchScreen=false, version=70.0.3538.77, platform=XP, browserConnectionEnabled=false, nativeEvents=true, acceptSslCerts=false, acceptInsecureCerts=false, locationContextEnabled=true, webStorageEnabled=true, browserName=chrome, takesScreenshot=true, javascriptEnabled=true, cssSelectorsEnabled=true, setWindowRect=true, unexpectedAlertBehaviour=}]
Session ID: ed191dad0f95fdab13c18aae99787064
at org.openqa.selenium.remote.ErrorHandler.createThrowable(ErrorHandler.java:215)
at org.openqa.selenium.remote.ErrorHandler.throwIfResponseFailed(ErrorHandler.java:167)
at org.openqa.selenium.remote.RemoteWebDriver.execute(RemoteWebDriver.java:671)
at org.openqa.selenium.remote.RemoteWebElement.execute(RemoteWebElement.java:272)
at org.openqa.selenium.remote.RemoteWebElement.click(RemoteWebElement.java:82)
at academy.FaceBookPrintFriends.printFriendsList(FaceBookPrintFriends.java:102)
... Removed 29 stack frames]]>
    </failure>
  </testcase> <!-- printFriendsList -->
  <testcase classname="academy.FaceBookPrintFriends" name="anotherMehtod" time="0.0">
    <ignored/>
  </testcase> <!-- anotherMehtod -->
  <testcase classname="academy.FaceBookPrintFriends" name="anotherMehtod1" time="0.0">
    <ignored/>
  </testcase> <!-- anotherMehtod1 -->
</testsuite> <!-- FacebookFriends -->
