<?xml version="1.0" encoding="UTF-8"?>
<!-- Generated by org.testng.reporters.JUnitXMLReporter -->
<testsuite ignored="0" hostname="IN2-1018546LT1" failures="1" tests="6" name="Test" time="210.062" errors="0" timestamp="16 Nov 2018 16:53:29 GMT">
  <testcase classname="academy.HomePage" name="initialize" time="18.826"/>
  <testcase classname="academy.HomePage" name="initialize" time="19.166"/>
  <testcase classname="academy.HomePage" name="initialize" time="19.397"/>
  <testcase classname="academy.HomePage" name="initialize" time="19.185"/>
  <testcase classname="academy.AssertionTestCase" name="basePageNavigation" time="10.069"/>
  <testcase classname="academy.ValaidateNavigationBar" name="validateNavBar" time="11.193">
    <failure type="java.lang.AssertionError" message="expected [true] but found [false]">
      <![CDATA[java.lang.AssertionError: expected [true] but found [false]
at academy.ValaidateNavigationBar.validateNavBar(ValaidateNavigationBar.java:43)
... Removed 29 stack frames]]>
    </failure>
  </testcase> <!-- validateNavBar -->
</testsuite> <!-- Test -->
